<?xml version="1.0" encoding="UTF-8"?>
<!-- Generated by org.testng.reporters.JUnitReportReporter -->
<testsuite hostname="DESKTOP-O3TKCG4" failures="0" tests="1" name="testngtest.Browsernavigationtesting" time="12.180" errors="0" timestamp="2024-12-23T20:13:24 GMT-05:00" skipped="0">
  <testcase classname="testngtest.Browsernavigationtesting" name="browsernavigation" time="12.180"/>
</testsuite> <!-- testngtest.Browsernavigationtesting -->
