<?xml version="1.0" encoding="UTF-8"?>
<!-- Generated by org.testng.reporters.JUnitReportReporter -->
<testsuite hostname="DESKTOP-O3TKCG4" failures="0" tests="1" name="testngtest.Browsernavigationtesting" time="6.719" errors="0" timestamp="2024-12-18T19:26:47 GMT-05:00" skipped="0">
  <testcase classname="testngtest.Browsernavigationtesting" name="browsernavigation" time="6.719"/>
</testsuite> <!-- testngtest.Browsernavigationtesting -->
