<?xml version="1.0" encoding="UTF-8"?>
<!-- Generated by org.testng.reporters.JUnitReportReporter -->
<testsuite hostname="DESKTOP-O3TKCG4" failures="0" tests="2" name="testngtest.Forgotpasswordtest" time="20.301" errors="0" timestamp="2024-12-18T20:32:04 GMT-05:00" skipped="0">
  <testcase classname="testngtest.Forgotpasswordtest" name="forgotpasswordexe" time="7.171"/>
  <testcase classname="testngtest.Forgotpasswordtest" name="forgotpassword" time="13.130"/>
</testsuite> <!-- testngtest.Forgotpasswordtest -->
