<?xml version="1.0" encoding="UTF-8"?>
<!-- Generated by org.testng.reporters.JUnitReportReporter -->
<testsuite hostname="DESKTOP-O3TKCG4" failures="0" tests="1" name="dropdowntest.DropDownTest" time="29.991" errors="0" timestamp="2024-12-29T18:30:59 GMT-05:00" skipped="0">
  <testcase classname="dropdowntest.DropDownTest" name="dropdowncheck" time="29.991"/>
</testsuite> <!-- dropdowntest.DropDownTest -->
