<?xml version="1.0" encoding="UTF-8"?>
<!-- Generated by org.testng.reporters.JUnitReportReporter -->
<testsuite hostname="DESKTOP-O3TKCG4" failures="0" tests="1" name="xpathtest.Xpathtest" time="19.379" errors="0" timestamp="2024-12-30T20:00:50 GMT-05:00" skipped="0">
  <testcase classname="xpathtest.Xpathtest" name="xpathtestcase" time="19.379"/>
</testsuite> <!-- xpathtest.Xpathtest -->
